     1                                  bits 32 ; assembling for the 32 bits architecture
     2                                  
     3                                  ; declare the EntryPoint (a label defining the very first instruction of the program)
     4                                  global start        
     5                                  
     6                                  ; declare external functions needed by our program
     7                                  extern exit               ; tell nasm that exit exists even if we won't be defining it
     8                                  import exit msvcrt.dll    ; exit is a function that ends the calling process. It is defined in msvcrt.dll
     9                                                            ; msvcrt.dll contains exit, printf and all the other important C-runtime specific functions
    10                                  
    11                                  ; our data is declared here (the variables needed by our program)
    12                                  segment data use32 class=data
    13 00000000 616263646566                s db 'abcdef'
    14                                      LS EQU $-s
    15 00000006 00<rept>                    d times LS db 0
    16                                  segment code use32 class=code
    17                                      start:
    18 00000000 BE00000000                      mov esi, 0
    19                                          
    20                                          repeta:
    21                                              mov [d+esi], [s+esi]
    21          ******************       error: invalid combination of opcode and operands
    22 00000005 46                                  inc esi
    23 00000006 83FE06                              cmp esi, LS
    24 00000009 72FA                            jb repeta
    25 0000000B 6A00                            push    dword 0      ; push the parameter for exit onto the stack
    26 0000000D FF15[00000000]                  call    [exit]       ; call exit to terminate the program
