[2022-05-06 07:53:43] [info] Start Program:
Path:"C:\Users\Acer\OneDrive\Desktop\Lab 9\x64\Debug\Lab 9.exe"
Arguments:
Working directory: "C:\Users\Acer\OneDrive\Desktop\Lab 9\"
Modules: Selected: C:\Users\Acer\OneDrive\Desktop\Lab 9\x64\Debug\Lab 9.exe Excluded: 
Sources: Selected: C:\Users\Acer\OneDrive\Desktop\Lab 9 Excluded: ui.cpp 
Log Level: Normal
Cover Children: 0
Aggregate by file: 1
Continue after C++ exception: 0
Optimized build support: 0
Export: Binary C:\Users\Acer\AppData\Local\Temp\aukic3lf.4yf 
Input coverage: 
Unified diff: 
Excluded line regular expressions: 
Substitute pdb source paths: 

[2022-05-06 07:53:43] [info] Module: C:\Users\Acer\OneDrive\Desktop\Lab 9\x64\Debug\Lab 9.exe is selected because it matches selected pattern: C:\Users\Acer\OneDrive\Desktop\Lab 9\x64\Debug\Lab 9.exe
[2022-05-06 07:53:45] [info] ----------------------------------------------------
[2022-05-06 07:53:45] [info] Coverage binary generated in file: C:\Users\Acer\AppData\Local\Temp\aukic3lf.4yf
[2022-05-06 07:53:45] [info] ----------------------------------------------------
