     1                                  bits 32
     2                                  
     3                                  
     4                                  global start        
     5                                  
     6                                  
     7                                  extern exit, printf, scanf            
     8                                  import exit msvcrt.dll    
     9                                  import printf msvcrt.dll
    10                                  import scanf msvcrt.dll
    11                                  
    12                                  
    13                                  segment data use32 class=data
    14 00000000 00                          cuvant db 0
    15 00000001 496E74726F64756365-         mesaj_intr db "Introduceti un cuvant: ", 0
    15 0000000A 746920756E20637576-
    15 00000013 616E743A2000       
    16 00000019 437576616E7420653A-         mesaj_afis db "Cuvant e: %s", 0
    16 00000022 20257300           
    17 00000026 257300                      format db "%s", 0
    18                                      
    19                                  
    20                                  
    21                                  segment code use32 class=code
    22                                      start:
    23                                          
    24 00000000 68[01000000]                    push dword mesaj_intr
    25 00000005 FF15[00000000]                  call [printf]
    26 0000000B 83C404                          add esp, 4*1
    27                                          
    28 0000000E 68[00000000]                    push dword cuvant 
    29 00000013 68[26000000]                    push dword format 
    30 00000018 FF15[00000000]                  call [scanf]
    31 0000001E 83C408                          add esp, 4*2
    32                                          
    33 00000021 68[00000000]                    push dword cuvant
    34 00000026 68[19000000]                    push dword mesaj_afis
    35 0000002B FF15[00000000]                  call [printf]
    36 00000031 83C408                          add esp, 4*2
    37                                          
    38 00000034 6A00                            push    dword 0      
    39 00000036 FF15[00000000]                  call    [exit]      
