[2022-03-25 07:40:24] [info] Start Program:
Path:"C:\Users\Acer\OneDrive\Desktop\Laborator2_4\x64\Debug\Laborator2_4.exe"
Arguments:
Working directory: "C:\Users\Acer\OneDrive\Desktop\Laborator2_4\Laborator2_4\"
Modules: Selected: C:\Users\Acer\OneDrive\Desktop\Laborator2_4\x64\Debug\Laborator2_4.exe Excluded: 
Sources: Selected: C:\Users\Acer\OneDrive\Desktop\Laborator2_4\Laborator2_4 Excluded: main.c 
Log Level: Normal
Cover Children: 0
Aggregate by file: 1
Continue after C++ exception: 0
Optimized build support: 0
Export: Binary C:\Users\Acer\AppData\Local\Temp\bw40ighf.cqq 
Input coverage: 
Unified diff: 
Excluded line regular expressions: 
Substitute pdb source paths: 

[2022-03-25 07:40:24] [info] Module: C:\Users\Acer\OneDrive\Desktop\Laborator2_4\x64\Debug\Laborator2_4.exe is selected because it matches selected pattern: C:\Users\Acer\OneDrive\Desktop\Laborator2_4\x64\Debug\Laborator2_4.exe
[2022-03-25 07:40:26] [info] ----------------------------------------------------
[2022-03-25 07:40:26] [info] Coverage binary generated in file: C:\Users\Acer\AppData\Local\Temp\bw40ighf.cqq
[2022-03-25 07:40:26] [info] ----------------------------------------------------
