[2022-03-11 09:12:23] [info] Start Program:
Path:"C:\\OOP laborator\\Laborator2_4\\Debug\\Laborator2_4.exe"
Arguments:
Working directory: "C:\\OOP laborator\\Laborator2_4\\Debug"
Modules: Selected: * Excluded: 
Sources: Selected: * Excluded: 
Log Level: Normal
Cover Children: 0
Aggregate by file: 1
Continue after C++ exception: 0
Optimized build support: 0
Export: binary C:\Users\Laura\AppData\Local\Temp\mvhnblzm.cxs 
Input coverage: 
Unified diff: 
Excluded line regular expressions: 
Substitute pdb source paths: 

[2022-03-11 09:12:23] [info] Module: C:\OOP laborator\Laborator2_4\Debug\Laborator2_4.exe is selected because it matches selected pattern: *
[2022-03-11 09:12:23] [info] Module: C:\Windows\System32\ntdll.dll is selected because it matches selected pattern: *
[2022-03-11 09:12:23] [info] Module: C:\Windows\SysWOW64\ntdll.dll is selected because it matches selected pattern: *
[2022-03-11 09:12:23] [info] Module: C:\Windows\System32\wow64.dll is selected because it matches selected pattern: *
[2022-03-11 09:12:23] [info] Module: C:\Windows\System32\wow64win.dll is selected because it matches selected pattern: *
[2022-03-11 09:12:23] [info] Module: C:\Windows\System32\wow64cpu.dll is selected because it matches selected pattern: *
[2022-03-11 09:12:23] [info] Module: C:\Windows\SysWOW64\kernel32.dll is selected because it matches selected pattern: *
[2022-03-11 09:12:23] [info] Module: C:\Windows\SysWOW64\KernelBase.dll is selected because it matches selected pattern: *
[2022-03-11 09:12:23] [info] Module: C:\Windows\SysWOW64\vcruntime140d.dll is selected because it matches selected pattern: *
[2022-03-11 09:12:23] [info] Module: C:\Windows\SysWOW64\ucrtbased.dll is selected because it matches selected pattern: *
[2022-03-11 09:12:23] [info] Module: C:\Windows\SysWOW64\kernel.appcore.dll is selected because it matches selected pattern: *
[2022-03-11 09:12:23] [info] Module: C:\Windows\SysWOW64\msvcrt.dll is selected because it matches selected pattern: *
[2022-03-11 09:12:23] [info] Module: C:\Windows\SysWOW64\rpcrt4.dll is selected because it matches selected pattern: *
[2022-03-11 09:12:23] [info] ----------------------------------------------------
[2022-03-11 09:12:23] [info] Coverage binary generated in file: C:\Users\Laura\AppData\Local\Temp\mvhnblzm.cxs
[2022-03-11 09:12:23] [info] ----------------------------------------------------
