[2022-03-24 01:24:46] [info] Start Program:
Path:"C:\Users\Acer\OneDrive\Desktop\Facultate\OOP\Lab 3\x64\Debug\Lab 3.exe"
Arguments:
Working directory: "C:\Users\Acer\OneDrive\Desktop\Facultate\OOP\Lab 3\"
Modules: Selected: C:\Users\Acer\OneDrive\Desktop\Facultate\OOP\Lab 3\x64\Debug\Lab 3.exe Excluded: 
Sources: Selected: C:\Users\Acer\OneDrive\Desktop\Facultate\OOP\Lab 3 Excluded: 
Log Level: Normal
Cover Children: 0
Aggregate by file: 1
Continue after C++ exception: 0
Optimized build support: 0
Export: Binary C:\Users\Acer\AppData\Local\Temp\suzyckdl.bmi 
Input coverage: 
Unified diff: 
Excluded line regular expressions: 
Substitute pdb source paths: 

[2022-03-24 01:24:46] [info] Module: C:\Users\Acer\OneDrive\Desktop\Facultate\OOP\Lab 3\x64\Debug\Lab 3.exe is selected because it matches selected pattern: C:\Users\Acer\OneDrive\Desktop\Facultate\OOP\Lab 3\x64\Debug\Lab 3.exe
[2022-03-24 01:24:47] [info] ----------------------------------------------------
[2022-03-24 01:24:47] [info] Coverage binary generated in file: C:\Users\Acer\AppData\Local\Temp\suzyckdl.bmi
[2022-03-24 01:24:47] [info] ----------------------------------------------------
