     1                                  bits 32 
     2                                  global start        
     3                                  
     4                                  extern exit             
     5                                  import exit msvcrt.dll   
     6                                  
     7                                  segment data use32 class=data
     8                                      ; a db 10
     9                                      ; b db 20
    10                                      ; c db 10
    11                                      ; rez resb 1
    12                                      
    13 00000000 F0                          a db 240
    14 00000001 14                          b db 20
    15 00000002 01                          c db 1
    16 00000003 <res 00000001>              rez resb 1
    17                                      
    18                                  ; a+b/c
    19                                  segment code use32 class=code
    20                                      start:
    21                                      
    22 00000000 A0[01000000]                    mov al, [b]
    23 00000005 B400                            mov ah, 0   ;ax - b
    24 00000007 F635[02000000]                  div byte[c] ; al - ax / c - b/c, ah- ax%c
    25                                          
    26 0000000D 0205[00000000]                  add al, [a]
    27 00000013 A2[03000000]                    mov [rez], al
    28                                          
    29 00000018 6A00                            push    dword 0      
    30 0000001A FF15[00000000]                  call    [exit]       
